<?xml version="1.0" encoding="UTF-8"?>
<!-- Generated by org.testng.reporters.JUnitReportReporter -->
<testsuite hostname="Ramteke" failures="0" tests="1" name="pageobjectmodelclass.ProductTestClass" time="3.316" errors="0" timestamp="2024-09-24T09:56:54 IST" skipped="0">
  <testcase classname="pageobjectmodelclass.ProductTestClass" name="ValidatingClickingOnProduct" time="3.316"/>
</testsuite> <!-- pageobjectmodelclass.ProductTestClass -->
