<?xml version="1.0" encoding="UTF-8"?>
<!-- Generated by org.testng.reporters.JUnitReportReporter -->
<testsuite hostname="Ramteke" failures="0" tests="1" name="seleniumbasics.EnterActions" time="6.358" errors="0" timestamp="2024-09-01T18:38:31 IST" skipped="0">
  <testcase classname="seleniumbasics.EnterActions" name="keyActions" time="6.358"/>
</testsuite> <!-- seleniumbasics.EnterActions -->
