<?xml version="1.0" encoding="UTF-8"?>
<!-- Generated by org.testng.reporters.JUnitReportReporter -->
<testsuite hostname="Ramteke" failures="0" tests="1" name="seleniumbasics.ActionClass" time="15.195" errors="0" timestamp="2024-08-29T23:12:27 IST" skipped="0">
  <testcase classname="seleniumbasics.ActionClass" name="KeyboardActions" time="15.195"/>
</testsuite> <!-- seleniumbasics.ActionClass -->
