<?xml version="1.0" encoding="UTF-8"?>
<!-- Generated by org.testng.reporters.JUnitReportReporter -->
<testsuite hostname="Ramteke" failures="0" tests="1" name="seleniumbasics.WindowHandling" time="20.038" errors="0" timestamp="2024-09-01T21:04:04 IST" skipped="0">
  <testcase classname="seleniumbasics.WindowHandling" name="launchChromeBrowser" time="20.038"/>
</testsuite> <!-- seleniumbasics.WindowHandling -->
