<?xml version="1.0" encoding="UTF-8"?>
<!-- Generated by org.testng.reporters.JUnitReportReporter -->
<testsuite hostname="Ramteke" failures="0" tests="1" name="seleniumbasics.LaunchBrowser" time="4.082" errors="0" timestamp="2024-08-27T10:00:20 IST" skipped="0">
  <testcase classname="seleniumbasics.LaunchBrowser" name="launchChromeBrowser" time="4.082"/>
</testsuite> <!-- seleniumbasics.LaunchBrowser -->
