<?xml version="1.0" encoding="UTF-8"?>
<!-- Generated by org.testng.reporters.JUnitReportReporter -->
<testsuite hostname="Ramteke" failures="0" tests="1" name="testng.TimeOutKeyword" time="5.483" errors="0" timestamp="2024-09-12T20:20:29 IST" skipped="0">
  <testcase classname="testng.TimeOutKeyword" name="launchBrowser" time="5.483"/>
</testsuite> <!-- testng.TimeOutKeyword -->
