<?xml version="1.0" encoding="UTF-8"?>
<!-- Generated by org.testng.reporters.JUnitReportReporter -->
<testsuite hostname="Ramteke" failures="0" tests="5" name="testng.Priority" time="0.022" errors="0" timestamp="2024-09-12T20:38:24 IST" skipped="0">
  <testcase classname="testng.Priority" name="LaunchBrowser" time="0.002"/>
  <testcase classname="testng.Priority" name="login" time="0.006"/>
  <testcase classname="testng.Priority" name="Home" time="0.002"/>
  <testcase classname="testng.Priority" name="Dashboard" time="0.004"/>
  <testcase classname="testng.Priority" name="logout" time="0.008"/>
</testsuite> <!-- testng.Priority -->
