<?xml version="1.0" encoding="UTF-8"?>
<!-- Generated by org.testng.reporters.JUnitReportReporter -->
<testsuite hostname="Ramteke" failures="0" tests="5" name="testng.EnableKeyword" time="0.012" errors="0" timestamp="2024-09-12T20:38:24 IST" skipped="1">
  <testcase classname="testng.EnableKeyword" name="Dashboard" time="0.005"/>
  <testcase classname="testng.EnableKeyword" name="login" time="0.001"/>
  <testcase classname="testng.EnableKeyword" name="logout" time="0.002"/>
  <testcase classname="testng.EnableKeyword" name="Home" time="0.004"/>
  <testcase classname="testng.EnableKeyword" name="LaunchBrowser">
    <skipped/>
  </testcase> <!-- LaunchBrowser -->
</testsuite> <!-- testng.EnableKeyword -->
