<?xml version="1.0" encoding="UTF-8"?>
<!-- Generated by org.testng.reporters.JUnitReportReporter -->
<testsuite hostname="Ramteke" failures="0" tests="1" name="seleniumbasics.IFrameClass" time="34.181" errors="0" timestamp="2024-09-02T10:17:09 IST" skipped="0">
  <testcase classname="seleniumbasics.IFrameClass" name="IFrameActions" time="34.181"/>
</testsuite> <!-- seleniumbasics.IFrameClass -->
