<?xml version="1.0" encoding="UTF-8"?>
<!-- Generated by org.testng.reporters.JUnitReportReporter -->
<testsuite hostname="Ramteke" failures="0" tests="1" name="utility.ScreenShotsClass" time="4.802" errors="0" timestamp="2024-09-07T20:18:45 IST" skipped="0">
  <testcase classname="utility.ScreenShotsClass" name="CaptureShots" time="4.802"/>
</testsuite> <!-- utility.ScreenShotsClass -->
