<?xml version="1.0" encoding="UTF-8"?>
<!-- Generated by org.testng.reporters.JUnitReportReporter -->
<testsuite hostname="Ramteke" failures="0" tests="1" name="seleniumbasics.ExplicitWaitClass" time="6.992" errors="0" timestamp="2024-09-03T22:40:49 IST" skipped="0">
  <testcase classname="seleniumbasics.ExplicitWaitClass" name="ExplicitWait" time="6.992"/>
</testsuite> <!-- seleniumbasics.ExplicitWaitClass -->
