<?xml version="1.0" encoding="UTF-8"?>
<!-- Generated by org.testng.reporters.JUnitReportReporter -->
<testsuite hostname="Ramteke" failures="0" tests="2" name="testng.Annotation1" time="0.013" errors="0" timestamp="2024-09-13T09:57:58 IST" skipped="0">
  <testcase classname="testng.Annotation1" name="SiteTest" time="0.008"/>
  <testcase classname="testng.Annotation1" name="checkboxTest" time="0.005"/>
</testsuite> <!-- testng.Annotation1 -->
