<?xml version="1.0" encoding="UTF-8"?>
<!-- Generated by org.testng.reporters.JUnitReportReporter -->
<testsuite hostname="Ramteke" failures="0" tests="1" name="testng.SoftAssertion" time="7.707" errors="0" timestamp="2024-09-17T23:55:21 IST" skipped="0">
  <testcase classname="testng.SoftAssertion" name="softAssert" time="7.707"/>
</testsuite> <!-- testng.SoftAssertion -->
