<?xml version="1.0" encoding="UTF-8"?>
<!-- Generated by org.testng.reporters.JUnitReportReporter -->
<testsuite hostname="Ramteke" failures="0" tests="1" name="utility.WriteToExcel" time="2.062" errors="0" timestamp="2024-09-10T16:48:06 IST" skipped="0">
  <testcase classname="utility.WriteToExcel" name="WriteDataToExcel" time="2.062"/>
</testsuite> <!-- utility.WriteToExcel -->
