<?xml version="1.0" encoding="UTF-8"?>
<!-- Generated by org.testng.reporters.JUnitReportReporter -->
<testsuite hostname="Ramteke" failures="0" tests="1" name="utility.ConfigReader" time="30.260" errors="0" timestamp="2024-09-12T10:59:12 IST" skipped="0">
  <testcase classname="utility.ConfigReader" name="ReadDataFromConfig" time="30.260"/>
</testsuite> <!-- utility.ConfigReader -->
