<?xml version="1.0" encoding="UTF-8"?>
<!-- Generated by org.testng.reporters.JUnitReportReporter -->
<testsuite hostname="Ramteke" failures="0" tests="1" name="utility.ExcelReaderClass" time="1.831" errors="0" timestamp="2024-09-10T16:19:51 IST" skipped="0">
  <testcase classname="utility.ExcelReaderClass" name="ExcelReader" time="1.831"/>
</testsuite> <!-- utility.ExcelReaderClass -->
