<?xml version="1.0" encoding="UTF-8"?>
<!-- Generated by org.testng.reporters.JUnitReportReporter -->
<testsuite hostname="Ramteke" failures="0" tests="2" name="testng.BasicsOfTestng" time="0.016" errors="0" timestamp="2024-09-12T19:07:28 IST" skipped="0">
  <testcase classname="testng.BasicsOfTestng" name="TestCase1" time="0.013"/>
  <testcase classname="testng.BasicsOfTestng" name="TestCase2" time="0.003"/>
</testsuite> <!-- testng.BasicsOfTestng -->
