<?xml version="1.0" encoding="UTF-8"?>
<!-- Generated by org.testng.reporters.JUnitReportReporter -->
<testsuite hostname="Ramteke" failures="0" tests="1" name="seleniumbasics.MouseActions" time="8.109" errors="0" timestamp="2024-09-01T18:37:14 IST" skipped="0">
  <testcase classname="seleniumbasics.MouseActions" name="MouseAct" time="8.109"/>
</testsuite> <!-- seleniumbasics.MouseActions -->
