<?xml version="1.0" encoding="UTF-8"?>
<!-- Generated by org.testng.reporters.JUnitReportReporter -->
<testsuite hostname="Ramteke" failures="0" tests="10" name="testng.InvocationCountKeyword" time="0.048" errors="0" timestamp="2024-09-12T20:38:24 IST" skipped="0">
  <testcase classname="testng.InvocationCountKeyword" name="Home" time="0.005"/>
  <testcase classname="testng.InvocationCountKeyword" name="Home" time="0.004"/>
  <testcase classname="testng.InvocationCountKeyword" name="Home" time="0.009"/>
  <testcase classname="testng.InvocationCountKeyword" name="logout" time="0.003"/>
  <testcase classname="testng.InvocationCountKeyword" name="Home" time="0.003"/>
  <testcase classname="testng.InvocationCountKeyword" name="Home" time="0.001"/>
  <testcase classname="testng.InvocationCountKeyword" name="login" time="0.002"/>
  <testcase classname="testng.InvocationCountKeyword" name="Dashboard" time="0.012"/>
  <testcase classname="testng.InvocationCountKeyword" name="Home" time="0.007"/>
  <testcase classname="testng.InvocationCountKeyword" name="LaunchBrowser" time="0.002"/>
</testsuite> <!-- testng.InvocationCountKeyword -->
